生成启动时间为 7/1/2014 5:28:47 PM。
     1>项目“G:\学习\C++学习\InfomationManagement\InfomationManagement\InfomationManagement.vcxproj”在节点 2 上(build 个目标)。
     1>InitializeBuildStatus:
         正在创建“Debug\InfomationManagement.unsuccessfulbuild”，因为已指定“AlwaysCreate”。
       ClCompile:
         g:\ProgrammingSoftware\vs2010\VC\bin\CL.exe /c /ZI /nologo /W3 /WX- /Od /Oy- /D _MBCS /Gm /EHsc /RTC1 /MDd /GS /fp:precise /Zc:wchar_t /Zc:forScope /Fo"Debug\\" /Fd"Debug\vc100.pdb" /Gd /TP /analyze- /errorReport:prompt Main.cpp
         Main.cpp
       Link:
         g:\ProgrammingSoftware\vs2010\VC\bin\link.exe /ERRORREPORT:PROMPT /OUT:"G:\学习\C++学习\InfomationManagement\Debug\InfomationManagement.exe" /NOLOGO kernel32.lib user32.lib gdi32.lib winspool.lib comdlg32.lib advapi32.lib shell32.lib ole32.lib oleaut32.lib uuid.lib odbc32.lib odbccp32.lib /MANIFEST /ManifestFile:"Debug\InfomationManagement.exe.intermediate.manifest" /MANIFESTUAC:"level='asInvoker' uiAccess='false'" /DEBUG /PDB:"G:\学习\C++学习\InfomationManagement\Debug\InfomationManagement.pdb" /TLBID:1 /DYNAMICBASE /NXCOMPAT /IMPLIB:"G:\学习\C++学习\InfomationManagement\Debug\InfomationManagement.lib" /MACHINE:X86 Debug\Main.obj
         Debug\User.obj
         LINK : 没有找到 G:\学习\C++学习\InfomationManagement\Debug\InfomationManagement.exe 或上一个增量链接没有生成它；正在执行完全链接
         InfomationManagement.vcxproj -> G:\学习\C++学习\InfomationManagement\Debug\InfomationManagement.exe
       Manifest:
         C:\Program Files (x86)\Microsoft SDKs\Windows\v7.0A\bin\mt.exe /nologo /verbose /outputresource:"G:\学习\C++学习\InfomationManagement\Debug\InfomationManagement.exe;#1" /manifest Debug\InfomationManagement.exe.intermediate.manifest
       FinalizeBuildStatus:
         正在删除文件“Debug\InfomationManagement.unsuccessfulbuild”。
         正在对“Debug\InfomationManagement.lastbuildstate”执行 Touch 任务。
     1>已完成生成项目“G:\学习\C++学习\InfomationManagement\InfomationManagement\InfomationManagement.vcxproj”(build 个目标)的操作。

生成成功。

已用时间 00:00:01.06
